Testsuite: org.apache.hadoop.fs.TestLocalDirAllocator
Tests run: 5, Failures: 0, Errors: 0, Time elapsed: 0.174 sec
------------- Standard Output ---------------
2013-09-26 19:25:50,304 WARN  conf.Configuration (Configuration.java:<clinit>(195)) - DEPRECATED: hadoop-site.xml found in the classpath. Usage of hadoop-site.xml is deprecated. Instead use core-site.xml, mapred-site.xml and hdfs-site.xml to override properties of core-default.xml, mapred-default.xml and hdfs-default.xml respectively
2013-09-26 19:25:50,560 WARN  fs.LocalDirAllocator$AllocatorPerContext (LocalDirAllocator.java:confChanged(271)) - Failed to create build/test/temp/tmp0
2013-09-26 19:25:50,621 WARN  fs.LocalDirAllocator$AllocatorPerContext (LocalDirAllocator.java:confChanged(271)) - Failed to create build/test/temp/tmp1
2013-09-26 19:25:50,657 WARN  fs.LocalDirAllocator$AllocatorPerContext (LocalDirAllocator.java:createPath(300)) - org.apache.hadoop.util.DiskChecker$DiskErrorException: directory is not writable: build/test/temp/tmp4
	at org.apache.hadoop.util.DiskChecker.checkDir(DiskChecker.java:98)
	at org.apache.hadoop.fs.LocalDirAllocator$AllocatorPerContext.createPath(LocalDirAllocator.java:298)
	at org.apache.hadoop.fs.LocalDirAllocator$AllocatorPerContext.getLocalPathForWrite(LocalDirAllocator.java:369)
	at org.apache.hadoop.fs.LocalDirAllocator$AllocatorPerContext.createTmpFileForWrite(LocalDirAllocator.java:395)
	at org.apache.hadoop.fs.LocalDirAllocator.createTmpFileForWrite(LocalDirAllocator.java:194)
	at org.apache.hadoop.fs.TestLocalDirAllocator.createTempFile(TestLocalDirAllocator.java:85)
	at org.apache.hadoop.fs.TestLocalDirAllocator.validateTempDirCreation(TestLocalDirAllocator.java:73)
	at org.apache.hadoop.fs.TestLocalDirAllocator.test3(TestLocalDirAllocator.java:166)
	at sun.reflect.NativeMethodAccessorImpl.invoke0(Native Method)
	at sun.reflect.NativeMethodAccessorImpl.invoke(NativeMethodAccessorImpl.java:57)
	at sun.reflect.DelegatingMethodAccessorImpl.invoke(DelegatingMethodAccessorImpl.java:43)
	at java.lang.reflect.Method.invoke(Method.java:616)
	at junit.framework.TestCase.runTest(TestCase.java:168)
	at junit.framework.TestCase.runBare(TestCase.java:134)
	at junit.framework.TestResult$1.protect(TestResult.java:110)
	at junit.framework.TestResult.runProtected(TestResult.java:128)
	at junit.framework.TestResult.run(TestResult.java:113)
	at junit.framework.TestCase.run(TestCase.java:124)
	at junit.framework.TestSuite.runTest(TestSuite.java:232)
	at junit.framework.TestSuite.run(TestSuite.java:227)
	at org.apache.tools.ant.taskdefs.optional.junit.JUnitTestRunner.run(JUnitTestRunner.java:518)
	at org.apache.tools.ant.taskdefs.optional.junit.JUnitTestRunner.launch(JUnitTestRunner.java:1052)
	at org.apache.tools.ant.taskdefs.optional.junit.JUnitTestRunner.main(JUnitTestRunner.java:906)

2013-09-26 19:25:50,667 WARN  fs.LocalDirAllocator$AllocatorPerContext (LocalDirAllocator.java:createPath(300)) - org.apache.hadoop.util.DiskChecker$DiskErrorException: directory is not writable: build/test/temp/tmp4
	at org.apache.hadoop.util.DiskChecker.checkDir(DiskChecker.java:98)
	at org.apache.hadoop.fs.LocalDirAllocator$AllocatorPerContext.createPath(LocalDirAllocator.java:298)
	at org.apache.hadoop.fs.LocalDirAllocator$AllocatorPerContext.getLocalPathForWrite(LocalDirAllocator.java:369)
	at org.apache.hadoop.fs.LocalDirAllocator$AllocatorPerContext.createTmpFileForWrite(LocalDirAllocator.java:395)
	at org.apache.hadoop.fs.LocalDirAllocator.createTmpFileForWrite(LocalDirAllocator.java:194)
	at org.apache.hadoop.fs.TestLocalDirAllocator.createTempFile(TestLocalDirAllocator.java:85)
	at org.apache.hadoop.fs.TestLocalDirAllocator.validateTempDirCreation(TestLocalDirAllocator.java:73)
	at org.apache.hadoop.fs.TestLocalDirAllocator.test3(TestLocalDirAllocator.java:167)
	at sun.reflect.NativeMethodAccessorImpl.invoke0(Native Method)
	at sun.reflect.NativeMethodAccessorImpl.invoke(NativeMethodAccessorImpl.java:57)
	at sun.reflect.DelegatingMethodAccessorImpl.invoke(DelegatingMethodAccessorImpl.java:43)
	at java.lang.reflect.Method.invoke(Method.java:616)
	at junit.framework.TestCase.runTest(TestCase.java:168)
	at junit.framework.TestCase.runBare(TestCase.java:134)
	at junit.framework.TestResult$1.protect(TestResult.java:110)
	at junit.framework.TestResult.runProtected(TestResult.java:128)
	at junit.framework.TestResult.run(TestResult.java:113)
	at junit.framework.TestCase.run(TestCase.java:124)
	at junit.framework.TestSuite.runTest(TestSuite.java:232)
	at junit.framework.TestSuite.run(TestSuite.java:227)
	at org.apache.tools.ant.taskdefs.optional.junit.JUnitTestRunner.run(JUnitTestRunner.java:518)
	at org.apache.tools.ant.taskdefs.optional.junit.JUnitTestRunner.launch(JUnitTestRunner.java:1052)
	at org.apache.tools.ant.taskdefs.optional.junit.JUnitTestRunner.main(JUnitTestRunner.java:906)

------------- ---------------- ---------------

Testcase: test0 took 0.056 sec
Testcase: test1 took 0.035 sec
Testcase: test2 took 0.003 sec
Testcase: test3 took 0.018 sec
Testcase: test4 took 0.059 sec
